<?xml version="1.0" encoding="UTF-8"?>
<testsuite name="com.corndog.springboot.web.IndexControllerTest" tests="1" skipped="0" failures="0" errors="0" timestamp="2021-05-31T05:33:31" hostname="AD01733698" time="0.284">
  <properties/>
  <testcase name="메인페이지_로딩" classname="com.corndog.springboot.web.IndexControllerTest" time="0.284"/>
  <system-out><![CDATA[14:33:28.099 [Test worker] DEBUG org.springframework.test.context.junit4.SpringJUnit4ClassRunner - SpringJUnit4ClassRunner constructor called with [class com.corndog.springboot.web.IndexControllerTest]
14:33:28.099 [Test worker] DEBUG org.springframework.test.context.BootstrapUtils - Instantiating CacheAwareContextLoaderDelegate from class [org.springframework.test.context.cache.DefaultCacheAwareContextLoaderDelegate]
14:33:28.115 [Test worker] DEBUG org.springframework.test.context.BootstrapUtils - Instantiating BootstrapContext using constructor [public org.springframework.test.context.support.DefaultBootstrapContext(java.lang.Class,org.springframework.test.context.CacheAwareContextLoaderDelegate)]
14:33:28.130 [Test worker] DEBUG org.springframework.test.context.BootstrapUtils - Instantiating TestContextBootstrapper for test class [com.corndog.springboot.web.IndexControllerTest] from class [org.springframework.boot.test.context.SpringBootTestContextBootstrapper]
14:33:28.146 [Test worker] INFO org.springframework.boot.test.context.SpringBootTestContextBootstrapper - Neither @ContextConfiguration nor @ContextHierarchy found for test class [com.corndog.springboot.web.IndexControllerTest], using SpringBootContextLoader
14:33:28.152 [Test worker] DEBUG org.springframework.test.context.support.AbstractContextLoader - Did not detect default resource location for test class [com.corndog.springboot.web.IndexControllerTest]: class path resource [com/corndog/springboot/web/IndexControllerTest-context.xml] does not exist
14:33:28.152 [Test worker] DEBUG org.springframework.test.context.support.AbstractContextLoader - Did not detect default resource location for test class [com.corndog.springboot.web.IndexControllerTest]: class path resource [com/corndog/springboot/web/IndexControllerTestContext.groovy] does not exist
14:33:28.152 [Test worker] INFO org.springframework.test.context.support.AbstractContextLoader - Could not detect default resource locations for test class [com.corndog.springboot.web.IndexControllerTest]: no resource found for suffixes {-context.xml, Context.groovy}.
14:33:28.152 [Test worker] INFO org.springframework.test.context.support.AnnotationConfigContextLoaderUtils - Could not detect default configuration classes for test class [com.corndog.springboot.web.IndexControllerTest]: IndexControllerTest does not declare any static, non-private, non-final, nested classes annotated with @Configuration.
14:33:28.184 [Test worker] DEBUG org.springframework.test.context.support.ActiveProfilesUtils - Could not find an 'annotation declaring class' for annotation type [org.springframework.test.context.ActiveProfiles] and class [com.corndog.springboot.web.IndexControllerTest]
14:33:28.253 [Test worker] DEBUG org.springframework.context.annotation.ClassPathScanningCandidateComponentProvider - Identified candidate component class: file [C:\Users\USER\Desktop\Repository\spring-boot-210523\chap4-service-side-rendering\build\classes\java\main\com\corndog\springboot\Application.class]
14:33:28.253 [Test worker] INFO org.springframework.boot.test.context.SpringBootTestContextBootstrapper - Found @SpringBootConfiguration com.corndog.springboot.Application for test class com.corndog.springboot.web.IndexControllerTest
14:33:28.331 [Test worker] DEBUG org.springframework.boot.test.context.SpringBootTestContextBootstrapper - @TestExecutionListeners is not present for class [com.corndog.springboot.web.IndexControllerTest]: using defaults.
14:33:28.331 [Test worker] INFO org.springframework.boot.test.context.SpringBootTestContextBootstrapper - Loaded default TestExecutionListener class names from location [META-INF/spring.factories]: [org.springframework.boot.test.autoconfigure.restdocs.RestDocsTestExecutionListener, org.springframework.boot.test.autoconfigure.web.client.MockRestServiceServerResetTestExecutionListener, org.springframework.boot.test.autoconfigure.web.servlet.MockMvcPrintOnlyOnFailureTestExecutionListener, org.springframework.boot.test.autoconfigure.web.servlet.WebDriverTestExecutionListener, org.springframework.boot.test.autoconfigure.webservices.client.MockWebServiceServerTestExecutionListener, org.springframework.boot.test.mock.mockito.MockitoTestExecutionListener, org.springframework.boot.test.mock.mockito.ResetMocksTestExecutionListener, org.springframework.test.context.web.ServletTestExecutionListener, org.springframework.test.context.support.DirtiesContextBeforeModesTestExecutionListener, org.springframework.test.context.event.ApplicationEventsTestExecutionListener, org.springframework.test.context.support.DependencyInjectionTestExecutionListener, org.springframework.test.context.support.DirtiesContextTestExecutionListener, org.springframework.test.context.transaction.TransactionalTestExecutionListener, org.springframework.test.context.jdbc.SqlScriptsTestExecutionListener, org.springframework.test.context.event.EventPublishingTestExecutionListener]
14:33:28.353 [Test worker] INFO org.springframework.boot.test.context.SpringBootTestContextBootstrapper - Using TestExecutionListeners: [org.springframework.test.context.web.ServletTestExecutionListener@80fbe77, org.springframework.test.context.support.DirtiesContextBeforeModesTestExecutionListener@5c0a2e4c, org.springframework.test.context.event.ApplicationEventsTestExecutionListener@57ffd047, org.springframework.boot.test.mock.mockito.MockitoTestExecutionListener@1bb3f413, org.springframework.boot.test.autoconfigure.SpringBootDependencyInjectionTestExecutionListener@6eba0d14, org.springframework.test.context.support.DirtiesContextTestExecutionListener@634f26c1, org.springframework.test.context.transaction.TransactionalTestExecutionListener@4a1bbf07, org.springframework.test.context.jdbc.SqlScriptsTestExecutionListener@4e8cc93b, org.springframework.test.context.event.EventPublishingTestExecutionListener@7060af53, org.springframework.boot.test.autoconfigure.restdocs.RestDocsTestExecutionListener@6a03e6b0, org.springframework.boot.test.autoconfigure.web.client.MockRestServiceServerResetTestExecutionListener@7d779f70, org.springframework.boot.test.autoconfigure.web.servlet.MockMvcPrintOnlyOnFailureTestExecutionListener@551a44f4, org.springframework.boot.test.autoconfigure.web.servlet.WebDriverTestExecutionListener@20f57333, org.springframework.boot.test.autoconfigure.webservices.client.MockWebServiceServerTestExecutionListener@553627fb, org.springframework.boot.test.mock.mockito.ResetMocksTestExecutionListener@147bae32]
14:33:28.353 [Test worker] DEBUG org.springframework.test.annotation.ProfileValueUtils - Retrieved @ProfileValueSourceConfiguration [null] for test class [com.corndog.springboot.web.IndexControllerTest]
14:33:28.353 [Test worker] DEBUG org.springframework.test.annotation.ProfileValueUtils - Retrieved ProfileValueSource type [class org.springframework.test.annotation.SystemProfileValueSource] for class [com.corndog.springboot.web.IndexControllerTest]
14:33:28.353 [Test worker] DEBUG org.springframework.test.annotation.ProfileValueUtils - Retrieved @ProfileValueSourceConfiguration [null] for test class [com.corndog.springboot.web.IndexControllerTest]
14:33:28.353 [Test worker] DEBUG org.springframework.test.annotation.ProfileValueUtils - Retrieved ProfileValueSource type [class org.springframework.test.annotation.SystemProfileValueSource] for class [com.corndog.springboot.web.IndexControllerTest]
14:33:28.353 [Test worker] DEBUG org.springframework.test.annotation.ProfileValueUtils - Retrieved @ProfileValueSourceConfiguration [null] for test class [com.corndog.springboot.web.IndexControllerTest]
14:33:28.353 [Test worker] DEBUG org.springframework.test.annotation.ProfileValueUtils - Retrieved ProfileValueSource type [class org.springframework.test.annotation.SystemProfileValueSource] for class [com.corndog.springboot.web.IndexControllerTest]
14:33:28.353 [Test worker] DEBUG org.springframework.test.context.support.AbstractDirtiesContextTestExecutionListener - Before test class: context [DefaultTestContext@47f8563 testClass = IndexControllerTest, testInstance = [null], testMethod = [null], testException = [null], mergedContextConfiguration = [WebMergedContextConfiguration@2a064774 testClass = IndexControllerTest, locations = '{}', classes = '{class com.corndog.springboot.Application}', contextInitializerClasses = '[]', activeProfiles = '{}', propertySourceLocations = '{}', propertySourceProperties = '{org.springframework.boot.test.context.SpringBootTestContextBootstrapper=true, server.port=0}', contextCustomizers = set[org.springframework.boot.test.autoconfigure.actuate.metrics.MetricsExportContextCustomizerFactory$DisableMetricExportContextCustomizer@51cd6648, org.springframework.boot.test.autoconfigure.properties.PropertyMappingContextCustomizer@0, org.springframework.boot.test.autoconfigure.web.servlet.WebDriverContextCustomizerFactory$Customizer@577b5b9e, org.springframework.boot.test.context.filter.ExcludeFilterContextCustomizer@43a2d0de, org.springframework.boot.test.json.DuplicateJsonObjectContextCustomizerFactory$DuplicateJsonObjectContextCustomizer@606ef7b1, org.springframework.boot.test.mock.mockito.MockitoContextCustomizer@0, org.springframework.boot.test.web.client.TestRestTemplateContextCustomizer@121fdd37, org.springframework.boot.test.context.SpringBootTestArgs@1, org.springframework.boot.test.context.SpringBootTestWebEnvironment@48168d2c], resourceBasePath = 'src/main/webapp', contextLoader = 'org.springframework.boot.test.context.SpringBootContextLoader', parent = [null]], attributes = map['org.springframework.test.context.web.ServletTestExecutionListener.activateListener' -> false]], class annotated with @DirtiesContext [false] with mode [null].
14:33:28.353 [Test worker] DEBUG org.springframework.test.annotation.ProfileValueUtils - Retrieved @ProfileValueSourceConfiguration [null] for test class [com.corndog.springboot.web.IndexControllerTest]
14:33:28.353 [Test worker] DEBUG org.springframework.test.annotation.ProfileValueUtils - Retrieved ProfileValueSource type [class org.springframework.test.annotation.SystemProfileValueSource] for class [com.corndog.springboot.web.IndexControllerTest]
14:33:28.369 [Test worker] DEBUG org.springframework.test.context.support.DependencyInjectionTestExecutionListener - Performing dependency injection for test context [[DefaultTestContext@47f8563 testClass = IndexControllerTest, testInstance = com.corndog.springboot.web.IndexControllerTest@71c8e9d3, testMethod = [null], testException = [null], mergedContextConfiguration = [WebMergedContextConfiguration@2a064774 testClass = IndexControllerTest, locations = '{}', classes = '{class com.corndog.springboot.Application}', contextInitializerClasses = '[]', activeProfiles = '{}', propertySourceLocations = '{}', propertySourceProperties = '{org.springframework.boot.test.context.SpringBootTestContextBootstrapper=true, server.port=0}', contextCustomizers = set[org.springframework.boot.test.autoconfigure.actuate.metrics.MetricsExportContextCustomizerFactory$DisableMetricExportContextCustomizer@51cd6648, org.springframework.boot.test.autoconfigure.properties.PropertyMappingContextCustomizer@0, org.springframework.boot.test.autoconfigure.web.servlet.WebDriverContextCustomizerFactory$Customizer@577b5b9e, org.springframework.boot.test.context.filter.ExcludeFilterContextCustomizer@43a2d0de, org.springframework.boot.test.json.DuplicateJsonObjectContextCustomizerFactory$DuplicateJsonObjectContextCustomizer@606ef7b1, org.springframework.boot.test.mock.mockito.MockitoContextCustomizer@0, org.springframework.boot.test.web.client.TestRestTemplateContextCustomizer@121fdd37, org.springframework.boot.test.context.SpringBootTestArgs@1, org.springframework.boot.test.context.SpringBootTestWebEnvironment@48168d2c], resourceBasePath = 'src/main/webapp', contextLoader = 'org.springframework.boot.test.context.SpringBootContextLoader', parent = [null]], attributes = map['org.springframework.test.context.web.ServletTestExecutionListener.activateListener' -> false, 'org.springframework.test.context.event.ApplicationEventsTestExecutionListener.recordApplicationEvents' -> false]]].
14:33:28.384 [Test worker] DEBUG org.springframework.test.context.support.TestPropertySourceUtils - Adding inlined properties to environment: {spring.jmx.enabled=false, org.springframework.boot.test.context.SpringBootTestContextBootstrapper=true, server.port=0}

  .   ____          _            __ _ _
 /\\ / ___'_ __ _ _(_)_ __  __ _ \ \ \ \
( ( )\___ | '_ | '_| | '_ \/ _` | \ \ \ \
 \\/  ___)| |_)| | | | | || (_| |  ) ) ) )
  '  |____| .__|_| |_|_| |_\__, | / / / /
 =========|_|==============|___/=/_/_/_/
 :: Spring Boot ::                (v2.4.6)

2021-05-31 14:33:28.603  INFO 16684 --- [    Test worker] c.c.springboot.web.IndexControllerTest   : Starting IndexControllerTest using Java 14.0.2 on AD01733698 with PID 16684 (started by USER in C:\Users\USER\Desktop\Repository\spring-boot-210523\chap4-service-side-rendering)
2021-05-31 14:33:28.603  INFO 16684 --- [    Test worker] c.c.springboot.web.IndexControllerTest   : No active profile set, falling back to default profiles: default
2021-05-31 14:33:29.101  INFO 16684 --- [    Test worker] .s.d.r.c.RepositoryConfigurationDelegate : Bootstrapping Spring Data JPA repositories in DEFAULT mode.
2021-05-31 14:33:29.148  INFO 16684 --- [    Test worker] .s.d.r.c.RepositoryConfigurationDelegate : Finished Spring Data repository scanning in 40 ms. Found 1 JPA repository interfaces.
2021-05-31 14:33:29.662  INFO 16684 --- [    Test worker] o.s.b.w.embedded.tomcat.TomcatWebServer  : Tomcat initialized with port(s): 0 (http)
2021-05-31 14:33:29.672  INFO 16684 --- [    Test worker] o.apache.catalina.core.StandardService   : Starting service [Tomcat]
2021-05-31 14:33:29.672  INFO 16684 --- [    Test worker] org.apache.catalina.core.StandardEngine  : Starting Servlet engine: [Apache Tomcat/9.0.46]
2021-05-31 14:33:29.771  INFO 16684 --- [    Test worker] o.a.c.c.C.[Tomcat].[localhost].[/]       : Initializing Spring embedded WebApplicationContext
2021-05-31 14:33:29.771  INFO 16684 --- [    Test worker] w.s.c.ServletWebServerApplicationContext : Root WebApplicationContext: initialization completed in 1152 ms
2021-05-31 14:33:29.824  INFO 16684 --- [    Test worker] com.zaxxer.hikari.HikariDataSource       : HikariPool-1 - Starting...
2021-05-31 14:33:29.967  INFO 16684 --- [    Test worker] com.zaxxer.hikari.HikariDataSource       : HikariPool-1 - Start completed.
2021-05-31 14:33:29.972  INFO 16684 --- [    Test worker] o.s.b.a.h2.H2ConsoleAutoConfiguration    : H2 console available at '/h2-console'. Database available at 'jdbc:h2:mem:testdb'
2021-05-31 14:33:30.197  INFO 16684 --- [    Test worker] o.hibernate.jpa.internal.util.LogHelper  : HHH000204: Processing PersistenceUnitInfo [name: default]
2021-05-31 14:33:30.251  INFO 16684 --- [    Test worker] org.hibernate.Version                    : HHH000412: Hibernate ORM core version 5.4.31.Final
2021-05-31 14:33:30.375  INFO 16684 --- [    Test worker] o.hibernate.annotations.common.Version   : HCANN000001: Hibernate Commons Annotations {5.1.2.Final}
2021-05-31 14:33:30.488  INFO 16684 --- [    Test worker] org.hibernate.dialect.Dialect            : HHH000400: Using dialect: org.hibernate.dialect.H2Dialect
Hibernate: drop table if exists posts CASCADE 
Hibernate: create table posts (id bigint generated by default as identity, created_date timestamp, modified_date timestamp, author varchar(255), content TEXT not null, title varchar(500) not null, primary key (id))
2021-05-31 14:33:30.973  INFO 16684 --- [    Test worker] o.h.e.t.j.p.i.JtaPlatformInitiator       : HHH000490: Using JtaPlatform implementation: [org.hibernate.engine.transaction.jta.platform.internal.NoJtaPlatform]
2021-05-31 14:33:30.989  INFO 16684 --- [    Test worker] j.LocalContainerEntityManagerFactoryBean : Initialized JPA EntityManagerFactory for persistence unit 'default'
2021-05-31 14:33:31.252  WARN 16684 --- [    Test worker] JpaBaseConfiguration$JpaWebConfiguration : spring.jpa.open-in-view is enabled by default. Therefore, database queries may be performed during view rendering. Explicitly configure spring.jpa.open-in-view to disable this warning
2021-05-31 14:33:31.523  INFO 16684 --- [    Test worker] o.s.b.a.w.s.WelcomePageHandlerMapping    : Adding welcome page template: index
2021-05-31 14:33:31.775  INFO 16684 --- [    Test worker] o.s.b.w.embedded.tomcat.TomcatWebServer  : Tomcat started on port(s): 51724 (http) with context path ''
2021-05-31 14:33:31.791  INFO 16684 --- [    Test worker] c.c.springboot.web.IndexControllerTest   : Started IndexControllerTest in 3.405 seconds (JVM running for 4.243)
2021-05-31 14:33:32.007  INFO 16684 --- [o-auto-1-exec-1] o.a.c.c.C.[Tomcat].[localhost].[/]       : Initializing Spring DispatcherServlet 'dispatcherServlet'
2021-05-31 14:33:32.007  INFO 16684 --- [o-auto-1-exec-1] o.s.web.servlet.DispatcherServlet        : Initializing Servlet 'dispatcherServlet'
2021-05-31 14:33:32.007  INFO 16684 --- [o-auto-1-exec-1] o.s.web.servlet.DispatcherServlet        : Completed initialization in 0 ms
]]></system-out>
  <system-err><![CDATA[]]></system-err>
</testsuite>
